manifest_merge_blame_file/debug/manifest-merger-blame-debug-report.txt
1<?xml version="1.0" encoding="utf-8"?>
2<manifest xmlns:android="http://schemas.android.com/apk/res/android"
3    xmlns:tools="http://schemas.android.com/tools"
4    package="io.flutter.plugins.camerax" >
5
6    <uses-sdk
7        android:minSdkVersion="21"
7-->src\main\AndroidManifest.xml
8        android:targetSdkVersion="21" />
8-->src\main\AndroidManifest.xml
9
10    <uses-feature android:name="android.hardware.camera.any" />
10-->src\main\AndroidManifest.xml:4:3-62
10-->src\main\AndroidManifest.xml:4:17-59
11
12    <uses-permission android:name="android.permission.CAMERA" />
12-->src\main\AndroidManifest.xml:5:3-63
12-->src\main\AndroidManifest.xml:5:20-60
13    <uses-permission android:name="android.permission.RECORD_AUDIO" />
13-->src\main\AndroidManifest.xml:6:3-69
13-->src\main\AndroidManifest.xml:6:20-66
14    <uses-permission
14-->src\main\AndroidManifest.xml:7:3-8:34
15        android:name="android.permission.WRITE_EXTERNAL_STORAGE"
15-->src\main\AndroidManifest.xml:7:20-76
16        android:maxSdkVersion="28" />
16-->src\main\AndroidManifest.xml:8:5-31
17    <uses-permission
17-->src\main\AndroidManifest.xml:9:3-10:27
18        android:name="android.permission.READ_EXTERNAL_STORAGE"
18-->src\main\AndroidManifest.xml:9:20-75
19        tools:node="remove" />
19-->src\main\AndroidManifest.xml:10:5-24
20
21</manifest>